Arguments: 
  /usr/local/bin/node /usr/local/bin/yarn install

PATH: 
  /Users/amit/anaconda3/bin:/usr/local/bin:/usr/bin:/bin:/usr/sbin:/sbin

Yarn version: 
  1.7.0

Node version: 
  9.5.0

Platform: 
  darwin x64

Trace: 
  SyntaxError: /Users/amit/Downloads/testi/notehi/package.json: Unexpected string in JSON at position 115
      at JSON.parse (<anonymous>)
      at /usr/local/lib/node_modules/yarn/lib/cli.js:1130:59
      at Generator.next (<anonymous>)
      at step (/usr/local/lib/node_modules/yarn/lib/cli.js:98:30)
      at /usr/local/lib/node_modules/yarn/lib/cli.js:109:13
      at <anonymous>

npm manifest: 
  {
    "name": "notehi",
    "version": "11.7.2",
    "main": "index.js",
    "author": "Amit Sharma",
    "license": "MIT"
  }
  "scripts": {
    "build:dev": "webpack",
    "build:prod": "webpack -p --env production",
    "dev-server": "webpack-dev-server",
    "test": "cross-env NODE_ENV=test jest --config=jest.config.json",
    "start": "node server/server.js",
    "heroku-postbuild": "yarn run build:prod"
  },
  "dependencies": {
    "@fortawesome/fontawesome-svg-core": "^1.2.2",
    "@fortawesome/free-solid-svg-icons": "^5.1.0-11",
    "@fortawesome/react-fontawesome": "^0.1.0",
    "babel-cli": "^6.26.0",
    "babel-core": "^6.26.3",
    "babel-loader": "^7.1.5",
    "babel-plugin-transform-class-properties": "^6.24.1",
    "babel-plugin-transform-object-rest-spread": "^6.26.0",
    "babel-polyfill": "^6.26.0",
    "babel-preset-env": "^1.7.0",
    "babel-preset-react": "^6.24.1",
    "css-loader": "^1.0.0",
    "enzyme": "^3.3.0",
    "enzyme-adapter-react-16": "^1.1.1",
    "enzyme-to-json": "^3.3.4",
    "express": "^4.16.3",
    "firebase": "^5.2.0",
    "history": "^4.7.2",
    "jest": "^23.3.0",
    "moment": "^2.22.2",
    "node-sass": "^4.9.2",
    "normalize.css": "^8.0.0",
    "numeral": "^2.0.6",
    "raf": "^3.4.0",
    "react": "^16.4.1",
    "react-dates": "^17.0.0",
    "react-dom": "^16.4.1",
    "react-modal": "^3.5.1",
    "react-redux": "^5.0.7",
    "react-router-dom": "^4.3.1",
    "react-test-renderer": "^16.4.1",
    "react-textarea-autosize": "^7.0.4",
    "react-with-direction": "^1.3.0",
    "redux": "^4.0.0",
    "redux-mock-store": "^1.5.3",
    "redux-thunk": "^2.3.0",
    "sass-loader": "^7.0.3",
    "style-loader": "^0.21.0",
    "uuid": "^3.3.2",
    "validator": "^10.4.0",
    "webpack": "^4.15.1",
    "webpack-dev-server": "^3.1.4"
  },
  "devDependencies": {
    "cross-env": "^5.2.0",
    "dotenv": "^6.0.0",
    "extract-text-webpack-plugin": "^4.0.0-beta.0",
    "webpack-cli": "^3.0.8"
  }
  }

yarn manifest: 
  No manifest

Lockfile: 
  No lockfile
